<?xml version="1.0" encoding="UTF-8"?>
<!-- Generated by org.testng.reporters.JUnitReportReporter -->
<testsuite hostname="DESKTOP-K1185EA" failures="0" tests="1" name="smuleComments.base.Learn2LearnProfile" time="52.297" errors="0" timestamp="2022-01-29T21:41:38 IST" skipped="0">
  <testcase classname="smuleComments.base.Learn2LearnProfile" name="learn2LearnProfile" time="52.297"/>
  <system-out/>
</testsuite> <!-- smuleComments.base.Learn2LearnProfile -->
